Flow report for ALU3
Sun Dec 13 19:05:15 2020
Quartus II Version 9.0 Build 132 02/25/2009 SJ Full Version


---------------------
; Table of Contents ;
---------------------
  1. Legal Notice
  2. Flow Summary
  3. Flow Settings
  4. Flow Non-Default Global Settings
  5. Flow Elapsed Time
  6. Flow OS Summary
  7. Flow Log



----------------
; Legal Notice ;
----------------
Copyright (C) 1991-2009 Altera Corporation
Your use of Altera Corporation's design tools, logic functions 
and other software and tools, and its AMPP partner logic 
functions, and any output files from any of the foregoing 
(including device programming or simulation files), and any 
associated documentation or information are expressly subject 
to the terms and conditions of the Altera Program License 
Subscription Agreement, Altera MegaCore Function License 
Agreement, or other applicable license agreement, including, 
without limitation, that your use is for the sole purpose of 
programming logic devices manufactured by Altera and sold by 
Altera or its authorized distributors.  Please refer to the 
applicable agreement for further details.



+-------------------------------------------------------------------------------+
; Flow Summary                                                                  ;
+------------------------------------+------------------------------------------+
; Flow Status                        ; Successful - Sun Dec 13 19:05:15 2020    ;
; Quartus II Version                 ; 9.0 Build 132 02/25/2009 SJ Full Version ;
; Revision Name                      ; ALU3                                     ;
; Top-level Entity Name              ; ALU3                                     ;
; Family                             ; Cyclone III                              ;
; Met timing requirements            ; N/A                                      ;
; Total logic elements               ; 88 / 5,136 ( 2 % )                       ;
;     Total combinational functions  ; 88 / 5,136 ( 2 % )                       ;
;     Dedicated logic registers      ; 0 / 5,136 ( 0 % )                        ;
; Total registers                    ; 0                                        ;
; Total pins                         ; 18 / 183 ( 10 % )                        ;
; Total virtual pins                 ; 0                                        ;
; Total memory bits                  ; 0 / 423,936 ( 0 % )                      ;
; Embedded Multiplier 9-bit elements ; 0 / 46 ( 0 % )                           ;
; Total PLLs                         ; 0 / 2 ( 0 % )                            ;
; Device                             ; EP3C5F256C6                              ;
; Timing Models                      ; Final                                    ;
+------------------------------------+------------------------------------------+


+-----------------------------------------+
; Flow Settings                           ;
+-------------------+---------------------+
; Option            ; Setting             ;
+-------------------+---------------------+
; Start date & time ; 12/13/2020 19:05:04 ;
; Main task         ; Compilation         ;
; Revision Name     ; ALU3                ;
+-------------------+---------------------+


+---------------------------------------------------------------------------------------------------------------------+
; Flow Non-Default Global Settings                                                                                    ;
+------------------------------------+---------------------------------+---------------+-------------+----------------+
; Assignment Name                    ; Value                           ; Default Value ; Entity Name ; Section Id     ;
+------------------------------------+---------------------------------+---------------+-------------+----------------+
; COMPILER_SIGNATURE_ID              ; 198112229556212.160786470402052 ; --            ; --          ; --             ;
; EDA_OUTPUT_DATA_FORMAT             ; Verilog Hdl                     ; --            ; --          ; eda_simulation ;
; EDA_SIMULATION_TOOL                ; ModelSim-Altera (Verilog)       ; <None>        ; --          ; --             ;
; EDA_TIME_SCALE                     ; 1 ps                            ; --            ; --          ; eda_simulation ;
; PARTITION_COLOR                    ; 16764057                        ; --            ; --          ; Top            ;
; PARTITION_NETLIST_TYPE             ; SOURCE                          ; --            ; --          ; Top            ;
; USE_GENERATED_PHYSICAL_CONSTRAINTS ; Off                             ; --            ; --          ; eda_blast_fpga ;
+------------------------------------+---------------------------------+---------------+-------------+----------------+


+-------------------------------------------------------------------------------------------------------------------------------+
; Flow Elapsed Time                                                                                                             ;
+---------------------------+--------------+-------------------------+---------------------+------------------------------------+
; Module Name               ; Elapsed Time ; Average Processors Used ; Peak Virtual Memory ; Total CPU Time (on all processors) ;
+---------------------------+--------------+-------------------------+---------------------+------------------------------------+
; Analysis & Synthesis      ; 00:00:02     ; 1.0                     ; 227 MB              ; 00:00:01                           ;
; Fitter                    ; 00:00:03     ; 1.0                     ; 352 MB              ; 00:00:03                           ;
; Assembler                 ; 00:00:02     ; 1.0                     ; 227 MB              ; 00:00:01                           ;
; TimeQuest Timing Analyzer ; 00:00:02     ; 1.0                     ; 265 MB              ; 00:00:01                           ;
; EDA Netlist Writer        ; 00:00:01     ; 1.0                     ; 171 MB              ; 00:00:00                           ;
; Total                     ; 00:00:10     ; --                      ; --                  ; 00:00:06                           ;
+---------------------------+--------------+-------------------------+---------------------+------------------------------------+


+--------------------------------------------------------------------------------------------+
; Flow OS Summary                                                                            ;
+---------------------------+------------------+---------------+------------+----------------+
; Module Name               ; Machine Hostname ; OS Name       ; OS Version ; Processor type ;
+---------------------------+------------------+---------------+------------+----------------+
; Analysis & Synthesis      ; DESKTOP-FDCOGG2  ; Windows Vista ; 6.2        ; x86_64         ;
; Fitter                    ; DESKTOP-FDCOGG2  ; Windows Vista ; 6.2        ; x86_64         ;
; Assembler                 ; DESKTOP-FDCOGG2  ; Windows Vista ; 6.2        ; x86_64         ;
; TimeQuest Timing Analyzer ; DESKTOP-FDCOGG2  ; Windows Vista ; 6.2        ; x86_64         ;
; EDA Netlist Writer        ; DESKTOP-FDCOGG2  ; Windows Vista ; 6.2        ; x86_64         ;
+---------------------------+------------------+---------------+------------+----------------+


------------
; Flow Log ;
------------
quartus_map --read_settings_files=on --write_settings_files=off ALU3 -c ALU3
quartus_fit --read_settings_files=off --write_settings_files=off ALU3 -c ALU3
quartus_asm --read_settings_files=off --write_settings_files=off ALU3 -c ALU3
quartus_sta ALU3 -c ALU3
quartus_eda --read_settings_files=off --write_settings_files=off ALU3 -c ALU3



